#
# A fatal error has been detected by the Java Runtime Environment:
#
#  Internal Error (javaCalls.cpp:51), pid=10546, tid=0x0000000000003003
#  guarantee(thread->is_Java_thread()) failed: crucial check - the VM thread cannot and must not escape to Java code
#
# JRE version: Java(TM) SE Runtime Environment (8.0_181-b13) (build 1.8.0_181-b13)
# Java VM: Java HotSpot(TM) 64-Bit Server VM (25.181-b13 mixed mode bsd-amd64 compressed oops)
# Failed to write core dump. Core dumps have been disabled. To enable core dumping, try "ulimit -c unlimited" before starting Java again
#
# If you would like to submit a bug report, please visit:
#   http://bugreport.java.com/bugreport/crash.jsp
#

---------------  T H R E A D  ---------------

Current thread (0x00007fc575808800):  VMThread [stack: 0x0000700003734000,0x0000700003834000] [id=12291]

Stack: [0x0000700003734000,0x0000700003834000],  sp=0x0000700003832ad0,  free space=1018k
Native frames: (J=compiled Java code, j=interpreted, Vv=VM code, C=native code)
V  [libjvm.dylib+0x5b581a]
V  [libjvm.dylib+0x1e9185]
V  [libjvm.dylib+0x2ef35c]
V  [libjvm.dylib+0x2efc14]
V  [libjvm.dylib+0x2f0147]
V  [libjvm.dylib+0x243b41]
V  [libjvm.dylib+0x243c3c]
V  [libjvm.dylib+0x243e9b]
V  [libjvm.dylib+0x243eb6]
V  [libjvm.dylib+0x287b87]
V  [libjvm.dylib+0x28aea6]
V  [libjvm.dylib+0x28afb4]
V  [libjvm.dylib+0x28b3eb]
V  [libjvm.dylib+0x485331]
V  [libjvm.dylib+0x48553a]
V  [libjvm.dylib+0x48571b]
V  [libjvm.dylib+0x4859d2]
V  [libjvm.dylib+0x2c2b04]
V  [libjvm.dylib+0x45306d]
V  [libjvm.dylib+0x39afbf]
V  [libjvm.dylib+0x5bd499]
V  [libjvm.dylib+0x5bba31]
V  [libjvm.dylib+0x5bbe7e]
V  [libjvm.dylib+0x5bb79d]
V  [libjvm.dylib+0x48e342]
C  [libsystem_pthread.dylib+0x3661]  _pthread_body+0x154
C  [libsystem_pthread.dylib+0x350d]  _pthread_body+0x0
C  [libsystem_pthread.dylib+0x2bf9]  thread_start+0xd

VM_Operation (0x0000700003c3f958): GetOrSetLocal, mode: safepoint, requested by thread 0x00007fc573021000


---------------  P R O C E S S  ---------------

Java Threads: ( => current thread )
  0x00007fc574828800 JavaThread "Service Thread" daemon [_thread_blocked, id=42499, stack(0x0000700004255000,0x0000700004355000)]
  0x00007fc577802000 JavaThread "C1 CompilerThread3" daemon [_thread_blocked, id=42755, stack(0x0000700004152000,0x0000700004252000)]
  0x00007fc575832000 JavaThread "C2 CompilerThread2" daemon [_thread_blocked, id=22019, stack(0x000070000404f000,0x000070000414f000)]
  0x00007fc574011000 JavaThread "C2 CompilerThread1" daemon [_thread_blocked, id=21763, stack(0x0000700003f4c000,0x000070000404c000)]
  0x00007fc57517f000 JavaThread "C2 CompilerThread0" daemon [_thread_blocked, id=15363, stack(0x0000700003e49000,0x0000700003f49000)]
  0x00007fc573022000 JavaThread "JDWP Command Reader" daemon [_thread_in_native, id=16131, stack(0x0000700003d46000,0x0000700003e46000)]
  0x00007fc572811800 JavaThread "JDWP Event Helper Thread" daemon [_thread_blocked, id=15107, stack(0x0000700003c43000,0x0000700003d43000)]
  0x00007fc573021000 JavaThread "JDWP Transport Listener: dt_socket" daemon [_thread_blocked, id=16903, stack(0x0000700003b40000,0x0000700003c40000)]
  0x00007fc575806800 JavaThread "Signal Dispatcher" daemon [_thread_blocked, id=14859, stack(0x0000700003a3d000,0x0000700003b3d000)]
  0x00007fc57280f800 JavaThread "Finalizer" daemon [_thread_blocked, id=13059, stack(0x000070000393a000,0x0000700003a3a000)]
  0x00007fc573016800 JavaThread "Reference Handler" daemon [_thread_blocked, id=12547, stack(0x0000700003837000,0x0000700003937000)]
  0x00007fc575002800 JavaThread "main" [_thread_blocked, id=6147, stack(0x0000700002c13000,0x0000700002d13000)]

Other Threads:
=>0x00007fc575808800 VMThread [stack: 0x0000700003734000,0x0000700003834000] [id=12291]
  0x00007fc572800800 WatcherThread [stack: 0x0000700004358000,0x0000700004458000] [id=41987]

VM state:at safepoint (normal execution)

VM Mutex/Monitor currently owned by a thread:  ([mutex/lock_event])
[0x00007fc573d01d20] Threads_lock - owner thread: 0x00007fc575808800

Heap:
 PSYoungGen      total 76288K, used 58882K [0x000000076ab00000, 0x0000000770000000, 0x00000007c0000000)
  eden space 65536K, 89% used [0x000000076ab00000,0x000000076e480ab0,0x000000076eb00000)
  from space 10752K, 0% used [0x000000076f580000,0x000000076f580000,0x0000000770000000)
  to   space 10752K, 0% used [0x000000076eb00000,0x000000076eb00000,0x000000076f580000)
 ParOldGen       total 175104K, used 0K [0x00000006c0000000, 0x00000006cab00000, 0x000000076ab00000)
  object space 175104K, 0% used [0x00000006c0000000,0x00000006c0000000,0x00000006cab00000)
 Metaspace       used 15151K, capacity 15558K, committed 15744K, reserved 1062912K
  class space    used 1451K, capacity 1549K, committed 1664K, reserved 1048576K

Card table byte_map: [0x00000001075f6000,0x0000000107df7000] byte_map_base: 0x0000000103ff6000

Marking Bits: (ParMarkBitMap*) 0x0000000106af9cd0
 Begin Bits: [0x000000010834d000, 0x000000010c34d000)
 End Bits:   [0x000000010c34d000, 0x000000011034d000)

Polling page: 0x0000000104989000

CodeCache: size=245760Kb used=3863Kb max_used=3870Kb free=241896Kb
 bounds [0x0000000113b8c000, 0x0000000113f5c000, 0x0000000122b8c000]
 total_blobs=1459 nmethods=1098 adapters=282
 compilation: enabled

Compilation events (10 events):
Event: 3.184 Thread 0x00007fc574011000 nmethod 1093 0x0000000113f4cd90 code [0x0000000113f4cf00, 0x0000000113f4d108]
Event: 3.184 Thread 0x00007fc577802000 1097       3       jdk.internal.org.objectweb.asm.MethodWriter::<init> (268 bytes)
Event: 3.185 Thread 0x00007fc577802000 nmethod 1097 0x0000000113f4b690 code [0x0000000113f4b8e0, 0x0000000113f4c608]
Event: 3.185 Thread 0x00007fc577802000 1098       3       jdk.internal.org.objectweb.asm.MethodWriter::visitMaxs (1159 bytes)
Event: 3.188 Thread 0x00007fc577802000 nmethod 1098 0x0000000113f4d290 code [0x0000000113f4d740, 0x0000000113f4ffd8]
Event: 3.188 Thread 0x00007fc577802000 1096       3       jdk.internal.org.objectweb.asm.ClassWriter::visitMethod (24 bytes)
Event: 3.189 Thread 0x00007fc577802000 nmethod 1096 0x0000000113f4b1d0 code [0x0000000113f4b340, 0x0000000113f4b5a8]
Event: 3.189 Thread 0x00007fc577802000 1099       1       java.lang.invoke.InnerClassLambdaMetafactory::access$300 (5 bytes)
Event: 3.189 Thread 0x00007fc577802000 nmethod 1099 0x0000000113f4af10 code [0x0000000113f4b060, 0x0000000113f4b150]
Event: 3.189 Thread 0x00007fc57517f000 nmethod 1082 0x0000000113f54290 code [0x0000000113f54580, 0x0000000113f551f8]

GC Heap History (0 events):
No events

Deoptimization events (2 events):
Event: 2.638 Thread 0x00007fc575002800 Uncommon trap: reason=unstable_if action=reinterpret pc=0x0000000113df9aa0 method=java.lang.String.lastIndexOf([CII[CIII)I @ 66
Event: 2.784 Thread 0x00007fc575002800 Uncommon trap: reason=range_check action=make_not_entrant pc=0x0000000113d56534 method=sun.reflect.generics.parser.SignatureParser.current()C @ 34

Classes redefined (8 events):
Event: 2472.055 Thread 0x00007fc575808800 redefined class name=net.media.ConverterTest, count=1
Event: 2524.125 Thread 0x00007fc575808800 redefined class name=net.media.ConverterTest, count=2
Event: 2547.366 Thread 0x00007fc575808800 redefined class name=net.media.ConverterTest, count=3
Event: 2566.999 Thread 0x00007fc575808800 redefined class name=net.media.ConverterTest, count=4
Event: 2583.664 Thread 0x00007fc575808800 redefined class name=net.media.ConverterTest, count=5
Event: 2605.686 Thread 0x00007fc575808800 redefined class name=net.media.ConverterTest, count=6
Event: 2626.447 Thread 0x00007fc575808800 redefined class name=net.media.ConverterTest, count=7
Event: 2676.223 Thread 0x00007fc575808800 redefined class name=net.media.ConverterTest, count=8

Internal exceptions (10 events):
Event: 0.194 Thread 0x00007fc575002800 Exception <a 'java/security/PrivilegedActionException'> (0x000000076afbf8f8) thrown at [/Users/java_re/workspace/8-2-build-macosx-x86_64/jdk8u181/11358/hotspot/src/share/vm/prims/jvm.cpp, line 1435]
Event: 0.194 Thread 0x00007fc575002800 Exception <a 'java/security/PrivilegedActionException'> (0x000000076afbfb08) thrown at [/Users/java_re/workspace/8-2-build-macosx-x86_64/jdk8u181/11358/hotspot/src/share/vm/prims/jvm.cpp, line 1435]
Event: 2.703 Thread 0x00007fc575002800 Exception <a 'java/lang/NoSuchFieldError': method resolution failed> (0x000000076cfb59e0) thrown at [/Users/java_re/workspace/8-2-build-macosx-x86_64/jdk8u181/11358/hotspot/src/share/vm/prims/methodHandles.cpp, line 1167]
Event: 2.706 Thread 0x00007fc575002800 Exception <a 'java/lang/NoSuchFieldError': method resolution failed> (0x000000076cfc3970) thrown at [/Users/java_re/workspace/8-2-build-macosx-x86_64/jdk8u181/11358/hotspot/src/share/vm/prims/methodHandles.cpp, line 1167]
Event: 2.776 Thread 0x00007fc575002800 Exception <a 'java/lang/IncompatibleClassChangeError': Found class java.lang.Object, but interface was expected> (0x000000076d18fe20) thrown at [/Users/java_re/workspace/8-2-build-macosx-x86_64/jdk8u181/11358/hotspot/src/share/vm/interpreter/linkResolver.
Event: 2.784 Thread 0x00007fc575002800 Exception <a 'java/lang/ArrayIndexOutOfBoundsException': 18> (0x000000076d1e3b90) thrown at [/Users/java_re/workspace/8-2-build-macosx-x86_64/jdk8u181/11358/hotspot/src/share/vm/interpreter/interpreterRuntime.cpp, line 366]
Event: 2.787 Thread 0x00007fc575002800 Exception <a 'java/lang/ArrayIndexOutOfBoundsException': 78> (0x000000076d205f60) thrown at [/Users/java_re/workspace/8-2-build-macosx-x86_64/jdk8u181/11358/hotspot/src/share/vm/interpreter/interpreterRuntime.cpp, line 366]
Event: 2.787 Thread 0x00007fc575002800 Exception <a 'java/lang/ArrayIndexOutOfBoundsException': 65> (0x000000076d2094f8) thrown at [/Users/java_re/workspace/8-2-build-macosx-x86_64/jdk8u181/11358/hotspot/src/share/vm/interpreter/interpreterRuntime.cpp, line 366]
Event: 2.787 Thread 0x00007fc575002800 Exception <a 'java/lang/ArrayIndexOutOfBoundsException': 40> (0x000000076d20a160) thrown at [/Users/java_re/workspace/8-2-build-macosx-x86_64/jdk8u181/11358/hotspot/src/share/vm/interpreter/interpreterRuntime.cpp, line 366]
Event: 2.788 Thread 0x00007fc575002800 Exception <a 'java/lang/ArrayIndexOutOfBoundsException': 67> (0x000000076d20b1c8) thrown at [/Users/java_re/workspace/8-2-build-macosx-x86_64/jdk8u181/11358/hotspot/src/share/vm/interpreter/interpreterRuntime.cpp, line 366]

Events (10 events):
Event: 2676.302 Executing VM operation: GetOrSetLocal done
Event: 2676.303 Executing VM operation: GetOrSetLocal
Event: 2676.303 Executing VM operation: GetOrSetLocal done
Event: 2676.304 Executing VM operation: GetOrSetLocal
Event: 2676.304 Executing VM operation: GetOrSetLocal done
Event: 2676.304 Executing VM operation: GetOrSetLocal
Event: 2676.304 Executing VM operation: GetOrSetLocal done
Event: 2676.305 Executing VM operation: GetOrSetLocal
Event: 2676.305 Executing VM operation: GetOrSetLocal done
Event: 2676.305 Executing VM operation: GetOrSetLocal


Dynamic libraries:
0x00007fff2ea85000 	/System/Library/Frameworks/Cocoa.framework/Versions/A/Cocoa
0x00007fff3b0a1000 	/System/Library/Frameworks/Security.framework/Versions/A/Security
0x00007fff2d6c6000 	/System/Library/Frameworks/ApplicationServices.framework/Versions/A/ApplicationServices
0x00007fff56fd2000 	/usr/lib/libz.1.dylib
0x00007fff54f03000 	/usr/lib/libSystem.B.dylib
0x00007fff565bc000 	/usr/lib/libobjc.A.dylib
0x00007fff2f238000 	/System/Library/Frameworks/CoreFoundation.framework/Versions/A/CoreFoundation
0x00007fff3139a000 	/System/Library/Frameworks/Foundation.framework/Versions/C/Foundation
0x00007fff2c816000 	/System/Library/Frameworks/AppKit.framework/Versions/C/AppKit
0x00007fff2edfd000 	/System/Library/Frameworks/CoreData.framework/Versions/A/CoreData
0x00007fff4e7bc000 	/System/Library/PrivateFrameworks/RemoteViewServices.framework/Versions/A/RemoteViewServices
0x00007fff52f35000 	/System/Library/PrivateFrameworks/UIFoundation.framework/Versions/A/UIFoundation
0x00007fff435b7000 	/System/Library/PrivateFrameworks/DFRFoundation.framework/Versions/A/DFRFoundation
0x00007fff33a06000 	/System/Library/Frameworks/Metal.framework/Versions/A/Metal
0x00007fff43754000 	/System/Library/PrivateFrameworks/DesktopServicesPriv.framework/Versions/A/DesktopServicesPriv
0x00007fff55b09000 	/usr/lib/libenergytrace.dylib
0x00007fff50fa1000 	/System/Library/PrivateFrameworks/SkyLight.framework/Versions/A/SkyLight
0x00007fff2f6db000 	/System/Library/Frameworks/CoreGraphics.framework/Versions/A/CoreGraphics
0x00007fff54efe000 	/usr/lib/libScreenReader.dylib
0x00007fff2b7b0000 	/System/Library/Frameworks/Accelerate.framework/Versions/A/Accelerate
0x00007fff31b14000 	/System/Library/Frameworks/IOSurface.framework/Versions/A/IOSurface
0x00007fff2dc10000 	/System/Library/Frameworks/AudioToolbox.framework/Versions/A/AudioToolbox
0x00007fff2dea0000 	/System/Library/Frameworks/AudioUnit.framework/Versions/A/AudioUnit
0x00007fff4364f000 	/System/Library/PrivateFrameworks/DataDetectorsCore.framework/Versions/A/DataDetectorsCore
0x00007fff2e578000 	/System/Library/Frameworks/Carbon.framework/Versions/A/Frameworks/HIToolbox.framework/Versions/A/HIToolbox
0x00007fff55c63000 	/usr/lib/libicucore.A.dylib
0x00007fff3a61e000 	/System/Library/Frameworks/QuartzCore.framework/Versions/A/QuartzCore
0x00007fff50243000 	/System/Library/PrivateFrameworks/SignpostNotification.framework/Versions/A/SignpostNotification
0x00007fff2e95e000 	/System/Library/Frameworks/Carbon.framework/Versions/A/Frameworks/SpeechRecognition.framework/Versions/A/SpeechRecognition
0x00007fff5505f000 	/usr/lib/libauto.dylib
0x00007fff56ec1000 	/usr/lib/libxml2.2.dylib
0x00007fff43207000 	/System/Library/PrivateFrameworks/CoreUI.framework/Versions/A/CoreUI
0x00007fff2ecd9000 	/System/Library/Frameworks/CoreAudio.framework/Versions/A/CoreAudio
0x00007fff311d4000 	/System/Library/Frameworks/DiskArbitration.framework/Versions/A/DiskArbitration
0x00007fff55ed7000 	/usr/lib/liblangid.dylib
0x00007fff4acc3000 	/System/Library/PrivateFrameworks/MultitouchSupport.framework/Versions/A/MultitouchSupport
0x00007fff31a77000 	/System/Library/Frameworks/IOKit.framework/Versions/A/IOKit
0x00007fff54b8d000 	/usr/lib/libDiagnosticMessagesClient.dylib
0x00007fff303b1000 	/System/Library/Frameworks/CoreServices.framework/Versions/A/CoreServices
0x00007fff4c7f8000 	/System/Library/PrivateFrameworks/PerformanceAnalysis.framework/Versions/A/PerformanceAnalysis
0x00007fff397c0000 	/System/Library/Frameworks/OpenGL.framework/Versions/A/OpenGL
0x00007fff2ea93000 	/System/Library/Frameworks/ColorSync.framework/Versions/A/ColorSync
0x00007fff2fced000 	/System/Library/Frameworks/CoreImage.framework/Versions/A/CoreImage
0x00007fff30d42000 	/System/Library/Frameworks/CoreText.framework/Versions/A/CoreText
0x00007fff31b72000 	/System/Library/Frameworks/ImageIO.framework/Versions/A/ImageIO
0x00007fff3feb3000 	/System/Library/PrivateFrameworks/Backup.framework/Versions/A/Backup
0x00007fff54faf000 	/usr/lib/libarchive.2.dylib
0x00007fff2e1c3000 	/System/Library/Frameworks/CFNetwork.framework/Versions/A/CFNetwork
0x00007fff3b834000 	/System/Library/Frameworks/SystemConfiguration.framework/Versions/A/SystemConfiguration
0x00007fff54ab6000 	/usr/lib/libCRFSuite.dylib
0x00007fff55138000 	/usr/lib/libc++.1.dylib
0x00007fff5518f000 	/usr/lib/libc++abi.dylib
0x00007fff57080000 	/usr/lib/system/libcache.dylib
0x00007fff57085000 	/usr/lib/system/libcommonCrypto.dylib
0x00007fff57090000 	/usr/lib/system/libcompiler_rt.dylib
0x00007fff57098000 	/usr/lib/system/libcopyfile.dylib
0x00007fff570a2000 	/usr/lib/system/libcorecrypto.dylib
0x00007fff571af000 	/usr/lib/system/libdispatch.dylib
0x00007fff571e9000 	/usr/lib/system/libdyld.dylib
0x00007fff57207000 	/usr/lib/system/libkeymgr.dylib
0x00007fff57215000 	/usr/lib/system/liblaunch.dylib
0x00007fff57216000 	/usr/lib/system/libmacho.dylib
0x00007fff5721b000 	/usr/lib/system/libquarantine.dylib
0x00007fff5721e000 	/usr/lib/system/libremovefile.dylib
0x00007fff57220000 	/usr/lib/system/libsystem_asl.dylib
0x00007fff57238000 	/usr/lib/system/libsystem_blocks.dylib
0x00007fff57239000 	/usr/lib/system/libsystem_c.dylib
0x00007fff572c3000 	/usr/lib/system/libsystem_configuration.dylib
0x00007fff572c7000 	/usr/lib/system/libsystem_coreservices.dylib
0x00007fff572cb000 	/usr/lib/system/libsystem_darwin.dylib
0x00007fff572cd000 	/usr/lib/system/libsystem_dnssd.dylib
0x00007fff572d4000 	/usr/lib/system/libsystem_info.dylib
0x00007fff57345000 	/usr/lib/system/libsystem_m.dylib
0x00007fff57391000 	/usr/lib/system/libsystem_malloc.dylib
0x00007fff573b1000 	/usr/lib/system/libsystem_network.dylib
0x00007fff574e2000 	/usr/lib/system/libsystem_networkextension.dylib
0x00007fff574ed000 	/usr/lib/system/libsystem_notify.dylib
0x00007fff5750b000 	/usr/lib/system/libsystem_sandbox.dylib
0x00007fff5750f000 	/usr/lib/system/libsystem_secinit.dylib
0x00007fff5731e000 	/usr/lib/system/libsystem_kernel.dylib
0x00007fff574f7000 	/usr/lib/system/libsystem_platform.dylib
0x00007fff574ff000 	/usr/lib/system/libsystem_pthread.dylib
0x00007fff57511000 	/usr/lib/system/libsystem_symptoms.dylib
0x00007fff57519000 	/usr/lib/system/libsystem_trace.dylib
0x00007fff5752e000 	/usr/lib/system/libunwind.dylib
0x00007fff57534000 	/usr/lib/system/libxpc.dylib
0x00007fff549c9000 	/usr/lib/closure/libclosured.dylib
0x00007fff55119000 	/usr/lib/libbsm.0.dylib
0x00007fff57208000 	/usr/lib/system/libkxld.dylib
0x00007fff54dc7000 	/usr/lib/libOpenScriptingUtil.dylib
0x00007fff55488000 	/usr/lib/libcoretls.dylib
0x00007fff554a1000 	/usr/lib/libcoretls_cfhelpers.dylib
0x00007fff569bd000 	/usr/lib/libpam.2.dylib
0x00007fff56ae4000 	/usr/lib/libsqlite3.dylib
0x00007fff56eb0000 	/usr/lib/libxar.1.dylib
0x00007fff5512a000 	/usr/lib/libbz2.1.0.dylib
0x00007fff55ed9000 	/usr/lib/liblzma.5.dylib
0x00007fff563ba000 	/usr/lib/libnetwork.dylib
0x00007fff54f98000 	/usr/lib/libapple_nghttp2.dylib
0x00007fff569c4000 	/usr/lib/libpcap.A.dylib
0x00007fff55060000 	/usr/lib/libboringssl.dylib
0x00007fff56e4b000 	/usr/lib/libusrtcp.dylib
0x00007fff54f97000 	/usr/lib/libapple_crypto.dylib
0x00007fff30734000 	/System/Library/Frameworks/CoreServices.framework/Versions/A/Frameworks/FSEvents.framework/Versions/A/FSEvents
0x00007fff30427000 	/System/Library/Frameworks/CoreServices.framework/Versions/A/Frameworks/CarbonCore.framework/Versions/A/CarbonCore
0x00007fff308fc000 	/System/Library/Frameworks/CoreServices.framework/Versions/A/Frameworks/Metadata.framework/Versions/A/Metadata
0x00007fff309ad000 	/System/Library/Frameworks/CoreServices.framework/Versions/A/Frameworks/OSServices.framework/Versions/A/OSServices
0x00007fff30a0e000 	/System/Library/Frameworks/CoreServices.framework/Versions/A/Frameworks/SearchKit.framework/Versions/A/SearchKit
0x00007fff303b2000 	/System/Library/Frameworks/CoreServices.framework/Versions/A/Frameworks/AE.framework/Versions/A/AE
0x00007fff3073d000 	/System/Library/Frameworks/CoreServices.framework/Versions/A/Frameworks/LaunchServices.framework/Versions/A/LaunchServices
0x00007fff306ff000 	/System/Library/Frameworks/CoreServices.framework/Versions/A/Frameworks/DictionaryServices.framework/Versions/A/DictionaryServices
0x00007fff30a7d000 	/System/Library/Frameworks/CoreServices.framework/Versions/A/Frameworks/SharedFileList.framework/Versions/A/SharedFileList
0x00007fff34c3c000 	/System/Library/Frameworks/NetFS.framework/Versions/A/NetFS
0x00007fff4af54000 	/System/Library/PrivateFrameworks/NetAuth.framework/Versions/A/NetAuth
0x00007fff54860000 	/System/Library/PrivateFrameworks/login.framework/Versions/A/Frameworks/loginsupport.framework/Versions/A/loginsupport
0x00007fff52bb2000 	/System/Library/PrivateFrameworks/TCC.framework/Versions/A/TCC
0x00007fff55fba000 	/usr/lib/libmecabra.dylib
0x00007fff2d6c7000 	/System/Library/Frameworks/ApplicationServices.framework/Versions/A/Frameworks/ATS.framework/Versions/A/ATS
0x00007fff2da75000 	/System/Library/Frameworks/ApplicationServices.framework/Versions/A/Frameworks/ColorSyncLegacy.framework/Versions/A/ColorSyncLegacy
0x00007fff2db19000 	/System/Library/Frameworks/ApplicationServices.framework/Versions/A/Frameworks/HIServices.framework/Versions/A/HIServices
0x00007fff2db6c000 	/System/Library/Frameworks/ApplicationServices.framework/Versions/A/Frameworks/LangAnalysis.framework/Versions/A/LangAnalysis
0x00007fff2db7b000 	/System/Library/Frameworks/ApplicationServices.framework/Versions/A/Frameworks/PrintCore.framework/Versions/A/PrintCore
0x00007fff2dbc8000 	/System/Library/Frameworks/ApplicationServices.framework/Versions/A/Frameworks/QD.framework/Versions/A/QD
0x00007fff2dc03000 	/System/Library/Frameworks/ApplicationServices.framework/Versions/A/Frameworks/SpeechSynthesis.framework/Versions/A/SpeechSynthesis
0x00007fff2f154000 	/System/Library/Frameworks/CoreDisplay.framework/Versions/A/CoreDisplay
0x00007fff2b7c8000 	/System/Library/Frameworks/Accelerate.framework/Versions/A/Frameworks/vImage.framework/Versions/A/vImage
0x00007fff2c522000 	/System/Library/Frameworks/Accelerate.framework/Versions/A/Frameworks/vecLib.framework/Versions/A/vecLib
0x00007fff2c2c2000 	/System/Library/Frameworks/Accelerate.framework/Versions/A/Frameworks/vecLib.framework/Versions/A/libvDSP.dylib
0x00007fff2be22000 	/System/Library/Frameworks/Accelerate.framework/Versions/A/Frameworks/vecLib.framework/Versions/A/libBNNS.dylib
0x00007fff2c227000 	/System/Library/Frameworks/Accelerate.framework/Versions/A/Frameworks/vecLib.framework/Versions/A/libQuadrature.dylib
0x00007fff2c470000 	/System/Library/Frameworks/Accelerate.framework/Versions/A/Frameworks/vecLib.framework/Versions/A/libvMisc.dylib
0x00007fff2be51000 	/System/Library/Frameworks/Accelerate.framework/Versions/A/Frameworks/vecLib.framework/Versions/A/libLAPACK.dylib
0x00007fff2bcc7000 	/System/Library/Frameworks/Accelerate.framework/Versions/A/Frameworks/vecLib.framework/Versions/A/libBLAS.dylib
0x00007fff2c211000 	/System/Library/Frameworks/Accelerate.framework/Versions/A/Frameworks/vecLib.framework/Versions/A/libLinearAlgebra.dylib
0x00007fff2c22d000 	/System/Library/Frameworks/Accelerate.framework/Versions/A/Frameworks/vecLib.framework/Versions/A/libSparse.dylib
0x00007fff2c2ae000 	/System/Library/Frameworks/Accelerate.framework/Versions/A/Frameworks/vecLib.framework/Versions/A/libSparseBLAS.dylib
0x00007fff47d94000 	/System/Library/PrivateFrameworks/GPUWrangler.framework/Versions/A/GPUWrangler
0x00007fff49525000 	/System/Library/PrivateFrameworks/IOAccelerator.framework/Versions/A/IOAccelerator
0x00007fff49530000 	/System/Library/PrivateFrameworks/IOPresentment.framework/Versions/A/IOPresentment
0x00007fff435c9000 	/System/Library/PrivateFrameworks/DSExternalDisplay.framework/Versions/A/DSExternalDisplay
0x00007fff38c3f000 	/System/Library/Frameworks/OpenGL.framework/Versions/A/Libraries/libCoreFSCache.dylib
0x00007fff30e93000 	/System/Library/Frameworks/CoreVideo.framework/Versions/A/CoreVideo
0x00007fff48b0f000 	/System/Library/PrivateFrameworks/GraphVisualizer.framework/Versions/A/GraphVisualizer
0x00007fff33c3d000 	/System/Library/Frameworks/MetalPerformanceShaders.framework/Versions/A/MetalPerformanceShaders
0x00007fff54bc5000 	/usr/lib/libFosl_dynamic.dylib
0x00007fff4469e000 	/System/Library/PrivateFrameworks/FaceCore.framework/Versions/A/FaceCore
0x00007fff37a3a000 	/System/Library/Frameworks/OpenCL.framework/Versions/A/OpenCL
0x00007fff551c6000 	/usr/lib/libcompression.dylib
0x00007fff2d7c6000 	/System/Library/Frameworks/ApplicationServices.framework/Versions/A/Frameworks/ATS.framework/Versions/A/Resources/libFontParser.dylib
0x00007fff2d8e9000 	/System/Library/Frameworks/ApplicationServices.framework/Versions/A/Frameworks/ATS.framework/Versions/A/Resources/libFontRegistry.dylib
0x00007fff31dda000 	/System/Library/Frameworks/ImageIO.framework/Versions/A/Resources/libJPEG.dylib
0x00007fff32103000 	/System/Library/Frameworks/ImageIO.framework/Versions/A/Resources/libTIFF.dylib
0x00007fff320d9000 	/System/Library/Frameworks/ImageIO.framework/Versions/A/Resources/libPng.dylib
0x00007fff31ced000 	/System/Library/Frameworks/ImageIO.framework/Versions/A/Resources/libGIF.dylib
0x00007fff31cf2000 	/System/Library/Frameworks/ImageIO.framework/Versions/A/Resources/libJP2.dylib
0x00007fff32100000 	/System/Library/Frameworks/ImageIO.framework/Versions/A/Resources/libRadiance.dylib
0x00007fff3f5dd000 	/System/Library/PrivateFrameworks/AppleJPEG.framework/Versions/A/AppleJPEG
0x00007fff33aa4000 	/System/Library/Frameworks/MetalPerformanceShaders.framework/Frameworks/MPSCore.framework/Versions/A/MPSCore
0x00007fff33ac0000 	/System/Library/Frameworks/MetalPerformanceShaders.framework/Frameworks/MPSImage.framework/Versions/A/MPSImage
0x00007fff33b55000 	/System/Library/Frameworks/MetalPerformanceShaders.framework/Frameworks/MPSNeuralNetwork.framework/Versions/A/MPSNeuralNetwork
0x00007fff33b30000 	/System/Library/Frameworks/MetalPerformanceShaders.framework/Frameworks/MPSMatrix.framework/Versions/A/MPSMatrix
0x00007fff4aa26000 	/System/Library/PrivateFrameworks/MetalTools.framework/Versions/A/MetalTools
0x00007fff38e0a000 	/System/Library/Frameworks/OpenGL.framework/Versions/A/Libraries/libGLU.dylib
0x00007fff38c4a000 	/System/Library/Frameworks/OpenGL.framework/Versions/A/Libraries/libGFXShared.dylib
0x00007fff38c54000 	/System/Library/Frameworks/OpenGL.framework/Versions/A/Libraries/libGL.dylib
0x00007fff38c60000 	/System/Library/Frameworks/OpenGL.framework/Versions/A/Libraries/libGLImage.dylib
0x00007fff38c3c000 	/System/Library/Frameworks/OpenGL.framework/Versions/A/Libraries/libCVMSPluginSupport.dylib
0x00007fff38c45000 	/System/Library/Frameworks/OpenGL.framework/Versions/A/Libraries/libCoreVMClient.dylib
0x00007fff55973000 	/usr/lib/libcups.2.dylib
0x00007fff3300b000 	/System/Library/Frameworks/Kerberos.framework/Versions/A/Kerberos
0x00007fff317d1000 	/System/Library/Frameworks/GSS.framework/Versions/A/GSS
0x00007fff56a77000 	/usr/lib/libresolv.9.dylib
0x00007fff55b71000 	/usr/lib/libiconv.2.dylib
0x00007fff48ba1000 	/System/Library/PrivateFrameworks/Heimdal.framework/Versions/A/Heimdal
0x00007fff55b40000 	/usr/lib/libheimdal-asn1.dylib
0x00007fff37ab2000 	/System/Library/Frameworks/OpenDirectory.framework/Versions/A/OpenDirectory
0x00007fff418f4000 	/System/Library/PrivateFrameworks/CommonAuth.framework/Versions/A/CommonAuth
0x00007fff37a95000 	/System/Library/Frameworks/OpenDirectory.framework/Versions/A/Frameworks/CFOpenDirectory.framework/Versions/A/CFOpenDirectory
0x00007fff3b3cd000 	/System/Library/Frameworks/SecurityFoundation.framework/Versions/A/SecurityFoundation
0x00007fff3e7a1000 	/System/Library/PrivateFrameworks/APFS.framework/Versions/A/APFS
0x00007fff56eac000 	/usr/lib/libutil.dylib
0x00007fff3f660000 	/System/Library/PrivateFrameworks/AppleSauce.framework/Versions/A/AppleSauce
0x00007fff49d0d000 	/System/Library/PrivateFrameworks/LinguisticData.framework/Versions/A/LinguisticData
0x00007fff55ef3000 	/usr/lib/libmarisa.dylib
0x00007fff49cc7000 	/System/Library/PrivateFrameworks/Lexicon.framework/Versions/A/Lexicon
0x00007fff54af0000 	/usr/lib/libChineseTokenizer.dylib
0x00007fff551b5000 	/usr/lib/libcmph.dylib
0x00007fff49bd1000 	/System/Library/PrivateFrameworks/LanguageModeling.framework/Versions/A/LanguageModeling
0x00007fff42411000 	/System/Library/PrivateFrameworks/CoreEmoji.framework/Versions/A/CoreEmoji
0x00007fff3b48b000 	/System/Library/Frameworks/ServiceManagement.framework/Versions/A/ServiceManagement
0x00007fff3feab000 	/System/Library/PrivateFrameworks/BackgroundTaskManagement.framework/Versions/A/BackgroundTaskManagement
0x00007fff56fa9000 	/usr/lib/libxslt.1.dylib
0x00007fff2e888000 	/System/Library/Frameworks/Carbon.framework/Versions/A/Frameworks/Ink.framework/Versions/A/Ink
0x00007fff52dc7000 	/System/Library/PrivateFrameworks/TextureIO.framework/Versions/A/TextureIO
0x00007fff54fda000 	/usr/lib/libate.dylib
0x00007fff43528000 	/System/Library/PrivateFrameworks/CrashReporterSupport.framework/Versions/A/CrashReporterSupport
0x00007fff50103000 	/System/Library/PrivateFrameworks/Sharing.framework/Versions/A/Sharing
0x00007fff49912000 	/System/Library/PrivateFrameworks/IconServices.framework/Versions/A/IconServices
0x00007fff3fadb000 	/System/Library/PrivateFrameworks/AuthKit.framework/Versions/A/AuthKit
0x00007fff3f460000 	/System/Library/PrivateFrameworks/Apple80211.framework/Versions/A/Apple80211
0x00007fff4333d000 	/System/Library/PrivateFrameworks/CoreUtils.framework/Versions/A/CoreUtils
0x00007fff30ece000 	/System/Library/Frameworks/CoreWLAN.framework/Versions/A/CoreWLAN
0x00007fff31913000 	/System/Library/Frameworks/IOBluetooth.framework/Versions/A/IOBluetooth
0x00007fff4e5c7000 	/System/Library/PrivateFrameworks/ProtocolBuffer.framework/Versions/A/ProtocolBuffer
0x00007fff4ac1e000 	/System/Library/PrivateFrameworks/MobileKeyBag.framework/Versions/A/MobileKeyBag
0x00007fff42bb5000 	/System/Library/PrivateFrameworks/CorePhoneNumbers.framework/Versions/A/CorePhoneNumbers
0x00007fff3f598000 	/System/Library/PrivateFrameworks/AppleIDAuthSupport.framework/Versions/A/AppleIDAuthSupport
0x00007fff49bbd000 	/System/Library/PrivateFrameworks/KeychainCircle.framework/Versions/A/KeychainCircle
0x00007fff434c3000 	/System/Library/PrivateFrameworks/CoreWiFi.framework/Versions/A/CoreWiFi
0x00007fff2edd3000 	/System/Library/Frameworks/CoreBluetooth.framework/Versions/A/CoreBluetooth
0x00007fff43713000 	/System/Library/PrivateFrameworks/DebugSymbols.framework/Versions/A/DebugSymbols
0x00007fff430f3000 	/System/Library/PrivateFrameworks/CoreSymbolication.framework/Versions/A/CoreSymbolication
0x00007fff525b9000 	/System/Library/PrivateFrameworks/Symbolication.framework/Versions/A/Symbolication
0x00007fff3f48a000 	/System/Library/PrivateFrameworks/AppleFSCompression.framework/Versions/A/AppleFSCompression
0x00007fff51a06000 	/System/Library/PrivateFrameworks/SpeechRecognitionCore.framework/Versions/A/SpeechRecognitionCore
0x0000000106200000 	/Library/Java/JavaVirtualMachines/jdk1.8.0_181.jdk/Contents/Home/jre/lib/server/libjvm.dylib
0x00007fff56d79000 	/usr/lib/libstdc++.6.0.9.dylib
0x0000000104945000 	/Library/Java/JavaVirtualMachines/jdk1.8.0_181.jdk/Contents/Home/jre/lib/libverify.dylib
0x0000000104953000 	/Library/Java/JavaVirtualMachines/jdk1.8.0_181.jdk/Contents/Home/jre/lib/libjava.dylib
0x000000010498a000 	/Library/Java/JavaVirtualMachines/jdk1.8.0_181.jdk/Contents/Home/jre/lib/libjdwp.dylib
0x00000001049d5000 	/Library/Java/JavaVirtualMachines/jdk1.8.0_181.jdk/Contents/Home/jre/lib/libnpt.dylib
0x00000001049d9000 	/Library/Java/JavaVirtualMachines/jdk1.8.0_181.jdk/Contents/Home/jre/lib/libinstrument.dylib
0x000000010722d000 	/Library/Java/JavaVirtualMachines/jdk1.8.0_181.jdk/Contents/Home/jre/lib/libzip.dylib
0x0000000113948000 	/Library/Java/JavaVirtualMachines/jdk1.8.0_181.jdk/Contents/Home/jre/lib/libdt_socket.dylib
0x0000000124bb1000 	/Library/Java/JavaVirtualMachines/jdk1.8.0_181.jdk/Contents/Home/jre/lib/libnio.dylib
0x0000000124bc1000 	/Library/Java/JavaVirtualMachines/jdk1.8.0_181.jdk/Contents/Home/jre/lib/./libnet.dylib

VM Arguments:
jvm_args: -agentlib:jdwp=transport=dt_socket,address=127.0.0.1:65508,suspend=y,server=n -ea -Didea.test.cyclic.buffer.size=1048576 -javaagent:/Users/varun.b/Library/Caches/IdeaIC2018.2/captureAgent/debugger-agent.jar=file:/private/var/folders/_t/hpxgf22534n094mpm_l6jy6db_2vnx/T/capture.props -Dfile.encoding=UTF-8 
java_command: com.intellij.rt.execution.junit.JUnitStarter -ideVersion5 -junit4 net.media.ConverterTest,testCloningInitEnabledRequestAudioApp2to3
java_class_path (initial): /Applications/IntelliJ IDEA CE.app/Contents/lib/idea_rt.jar:/Applications/IntelliJ IDEA CE.app/Contents/plugins/junit/lib/junit-rt.jar:/Applications/IntelliJ IDEA CE.app/Contents/plugins/junit/lib/junit5-rt.jar:/Library/Java/JavaVirtualMachines/jdk1.8.0_181.jdk/Contents/Home/jre/lib/charsets.jar:/Library/Java/JavaVirtualMachines/jdk1.8.0_181.jdk/Contents/Home/jre/lib/deploy.jar:/Library/Java/JavaVirtualMachines/jdk1.8.0_181.jdk/Contents/Home/jre/lib/ext/cldrdata.jar:/Library/Java/JavaVirtualMachines/jdk1.8.0_181.jdk/Contents/Home/jre/lib/ext/dnsns.jar:/Library/Java/JavaVirtualMachines/jdk1.8.0_181.jdk/Contents/Home/jre/lib/ext/jaccess.jar:/Library/Java/JavaVirtualMachines/jdk1.8.0_181.jdk/Contents/Home/jre/lib/ext/jfxrt.jar:/Library/Java/JavaVirtualMachines/jdk1.8.0_181.jdk/Contents/Home/jre/lib/ext/localedata.jar:/Library/Java/JavaVirtualMachines/jdk1.8.0_181.jdk/Contents/Home/jre/lib/ext/nashorn.jar:/Library/Java/JavaVirtualMachines/jdk1.8.0_181.jdk/Contents/Home/jre/lib/ext/sunec.jar:/Library/Java/JavaVirtualMachines/jdk1.8.0_181.jdk/Contents/Home/jre/lib/ext/sunjce_provider.jar:/Library/Java/JavaVirtualMachines/jdk1.8.0_181.jdk/Contents/Home/jre/lib/ext/sunpkcs11.jar:/Library/Java/JavaVirtualMachines/jdk1.8.0_181.jdk/Contents/Home/jre/lib/ext/zipfs.jar:/Library/Java/JavaVirtualMachines/jdk1.8.0_181.jdk/Contents/Home/jre/lib/javaws.jar:/Library/Java/JavaVirtualMachines/jdk1.8.0_181.jdk/Contents/Home/jre/lib/jce.jar:/Library/Java/JavaVirtualMachines/jdk1.8.0_181.jdk/Contents/Home/jre/lib/jfr.jar:/Library/Java/JavaVirtualMachines/jdk1.8.0_181.jdk/Contents/Home/jre/lib/jfxswt.jar:/Library/Java/JavaVirtualMachines/jdk1.8.0_181.jdk/Contents/Home/jre/lib/jsse.jar:/Library/Java/JavaVirtualMachines/jdk1.8.0_181.jdk/Contents/Home/jre/lib/management-agent.jar:/Library/Java/JavaVirtualMachines/jdk1.8.0_181.jdk/Contents/Home/jre/lib/plugin.jar:/Library/Java/JavaVirtualMachines/jdk1.8.0_181.jdk/Contents/Home/jre/lib/resources.jar:/Library/Java/Jav
Launcher Type: SUN_STANDARD

Environment Variables:
PATH=/usr/local/bin:/usr/bin:/bin:/usr/sbin:/sbin:/usr/local/mysql/bin
SHELL=/bin/bash

Signal Handlers:
SIGSEGV: [libjvm.dylib+0x5b6029], sa_mask[0]=11111111011111110111111111111111, sa_flags=SA_ONSTACK|SA_RESTART|SA_SIGINFO
SIGBUS: [libjvm.dylib+0x5b6029], sa_mask[0]=11111111011111110111111111111111, sa_flags=SA_RESTART|SA_SIGINFO
SIGFPE: [libjvm.dylib+0x48b934], sa_mask[0]=11111111011111110111111111111111, sa_flags=SA_RESTART|SA_SIGINFO
SIGPIPE: [libjvm.dylib+0x48b934], sa_mask[0]=11111111011111110111111111111111, sa_flags=SA_RESTART|SA_SIGINFO
SIGXFSZ: [libjvm.dylib+0x48b934], sa_mask[0]=11111111011111110111111111111111, sa_flags=SA_RESTART|SA_SIGINFO
SIGILL: [libjvm.dylib+0x48b934], sa_mask[0]=11111111011111110111111111111111, sa_flags=SA_RESTART|SA_SIGINFO
SIGUSR1: SIG_DFL, sa_mask[0]=00000000000000000000000000000000, sa_flags=none
SIGUSR2: [libjvm.dylib+0x48b452], sa_mask[0]=00100000000000000000000000000000, sa_flags=SA_RESTART|SA_SIGINFO
SIGHUP: [libjvm.dylib+0x489a1d], sa_mask[0]=11111111011111110111111111111111, sa_flags=SA_RESTART|SA_SIGINFO
SIGINT: [libjvm.dylib+0x489a1d], sa_mask[0]=11111111011111110111111111111111, sa_flags=SA_RESTART|SA_SIGINFO
SIGTERM: [libjvm.dylib+0x489a1d], sa_mask[0]=11111111011111110111111111111111, sa_flags=SA_RESTART|SA_SIGINFO
SIGQUIT: [libjvm.dylib+0x489a1d], sa_mask[0]=11111111011111110111111111111111, sa_flags=SA_RESTART|SA_SIGINFO


---------------  S Y S T E M  ---------------

OS:Bsduname:Darwin 17.7.0 Darwin Kernel Version 17.7.0: Wed Feb 27 00:43:23 PST 2019; root:xnu-4570.71.35~1/RELEASE_X86_64 x86_64
rlimit: STACK 8192k, CORE 0k, NPROC 1418, NOFILE 10240, AS infinity
load average:8.25 6.02 4.19

CPU:total 12 (initial active 12) (6 cores per cpu, 2 threads per core) family 6 model 158 stepping 10, cmov, cx8, fxsr, mmx, sse, sse2, sse3, ssse3, sse4.1, sse4.2, popcnt, avx, avx2, aes, clmul, erms, 3dnowpref, lzcnt, ht, tsc, tscinvbit, bmi1, bmi2, adx

Memory: 4k page, physical 16777216k(405808k free)

/proc/meminfo:


vm_info: Java HotSpot(TM) 64-Bit Server VM (25.181-b13) for bsd-amd64 JRE (1.8.0_181-b13), built on Jul  7 2018 01:02:31 by "java_re" with gcc 4.2.1 (Based on Apple Inc. build 5658) (LLVM build 2336.11.00)

time: Tue Apr 30 17:14:38 2019
elapsed time: 2676 seconds (0d 0h 44m 36s)

