#
# A fatal error has been detected by the Java Runtime Environment:
#
#  SIGSEGV (0xb) at pc=0x000000010d272d66, pid=10781, tid=0x0000000000004a03
#
# JRE version: Java(TM) SE Runtime Environment (8.0_181-b13) (build 1.8.0_181-b13)
# Java VM: Java HotSpot(TM) 64-Bit Server VM (25.181-b13 mixed mode bsd-amd64 compressed oops)
# Problematic frame:
# V  [libjvm.dylib+0x504d66]  SignatureIterator::expect(char)+0x14
#
# Failed to write core dump. Core dumps have been disabled. To enable core dumping, try "ulimit -c unlimited" before starting Java again
#
# If you would like to submit a bug report, please visit:
#   http://bugreport.java.com/bugreport/crash.jsp
#

---------------  T H R E A D  ---------------

Current thread (0x00007f7f0700e000):  VMThread [stack: 0x0000700001d13000,0x0000700001e13000] [id=18947]

siginfo: si_signo: 11 (SIGSEGV), si_code: 1 (SEGV_MAPERR), si_addr: 0x0000000000000008

Registers:
RAX=0x0000000000000000, RBX=0x0000700001e120a8, RCX=0x0000000000000000, RDX=0x0000000000000000
RSP=0x0000700001e11f40, RBP=0x0000700001e12050, RSI=0x0000000000000028, RDI=0x0000700001e120a8
R8 =0x00000000000000c7, R9 =0x000000000000002c, R10=0x00000000000000dc, R11=0x000000000000053a
R12=0x0000700001e120a8, R13=0x000000012875ee28, R14=0x0000000000000000, R15=0x0000700001e126d8
RIP=0x000000010d272d66, EFLAGS=0x0000000000010202, ERR=0x0000000000000004
  TRAPNO=0x000000000000000e

Top of Stack: (sp=0x0000700001e11f40)
0x0000700001e11f40:   0000700001e11f70 000000010d272b74
0x0000700001e11f50:   0000700002830a98 0000700001e11fc8
0x0000700001e11f60:   0000700001e11f90 000000010d272b0c
0x0000700001e11f70:   0000700001e11fb0 0000700001e11fc8
0x0000700001e11f80:   0000000000000000 0000700001e11fc8
0x0000700001e11f90:   0000700001e11fb0 000000010cff5c9b
0x0000700001e11fa0:   0000000000000000 0000700001e11ff4
0x0000700001e11fb0:   0000700001e12430 000000010cff6c5f
0x0000700001e11fc0:   0000000000000000 000000010d5981c0
0x0000700001e11fd0:   000000010deb1220 0000000000000003
0x0000700001e11fe0:   000000000000000c 0000700001e11ff8
0x0000700001e11ff0:   0000000000000001 4fffffff2fffffff
0x0000700001e12000:   4fffffff2fffffff 00007f7f4fffffff
0x0000700001e12010:   00007f7f05a25d01 0000000000000000
0x0000700001e12020:   0000700001e12050 000000010d272b74
0x0000700001e12030:   0000700001e12070 0000700001e120a8
0x0000700001e12040:   0000700001e120a8 0000700001e120a8
0x0000700001e12050:   0000700001e12090 000000010d272e66
0x0000700001e12060:   0000000000000000 00000000000000c7
0x0000700001e12070:   0000700001e120a8 000000012875ee28
0x0000700001e12080:   0000000000000000 0000700001e126d8
0x0000700001e12090:   0000700001e12510 000000010cff6b69
0x0000700001e120a0:   0000700001e120d0 000000010d5981c0
0x0000700001e120b0:   0000000000000000 0000000000000000
0x0000700001e120c0:   000070000000000c 0000700001e124e0
0x0000700001e120d0:   0000700000000000 4fffffff4fffffff
0x0000700001e120e0:   4fffffff4fffffff 000070004fffffff
0x0000700001e120f0:   0000700001e12110 0000000000000000
0x0000700001e12100:   0000700001e12130 000000010d272b74
0x0000700001e12110:   0000700001e12150 0000700001e12188
0x0000700001e12120:   0000700001e12188 000000010debc6a0
0x0000700001e12130:   0000700001e12170 000000010d272f4c 

Instructions: (pc=0x000000010d272d66)
0x000000010d272d46:   df 48 83 c4 08 5b 5d e9 7c ff ff ff 55 48 89 e5
0x000000010d272d56:   53 48 81 ec 08 01 00 00 48 63 47 10 48 8b 4f 08
0x000000010d272d66:   40 38 74 01 08 48 89 fb 74 39 40 0f be d6 48 8d
0x000000010d272d76:   bd f0 fe ff ff 48 8d 35 4f 7a 11 00 30 c0 e8 1f 

Register to memory mapping:

RAX=0x0000000000000000 is an unknown value
RBX=0x0000700001e120a8 is an unknown value
RCX=0x0000000000000000 is an unknown value
RDX=0x0000000000000000 is an unknown value
RSP=0x0000700001e11f40 is an unknown value
RBP=0x0000700001e12050 is an unknown value
RSI=0x0000000000000028 is an unknown value
RDI=0x0000700001e120a8 is an unknown value
R8 =0x00000000000000c7 is an unknown value
R9 =0x000000000000002c is an unknown value
R10=0x00000000000000dc is an unknown value
R11=0x000000000000053a is an unknown value
R12=0x0000700001e120a8 is an unknown value
R13={method} {0x000000012875ee28} 'testCloningInitEnabledRequestNativeApp2to3' '()V' in 'net/media/ConverterTest'
R14=0x0000000000000000 is an unknown value
R15=0x0000700001e126d8 is an unknown value


Stack: [0x0000700001d13000,0x0000700001e13000],  sp=0x0000700001e11f40,  free space=1019k
Native frames: (J=compiled Java code, j=interpreted, Vv=VM code, C=native code)
V  [libjvm.dylib+0x504d66]  SignatureIterator::expect(char)+0x14
V  [libjvm.dylib+0x504e66]  SignatureIterator::iterate_returntype()+0x28
V  [libjvm.dylib+0x288b69]  GenerateOopMap::do_method(int, int, int, int)+0x71
V  [libjvm.dylib+0x28a7ec]  GenerateOopMap::interp_bb(BasicBlock*)+0x104
V  [libjvm.dylib+0x28aa3b]  GenerateOopMap::interp_all()+0x31
V  [libjvm.dylib+0x28afd2]  GenerateOopMap::do_interpretation()+0x44
V  [libjvm.dylib+0x28b3eb]  GenerateOopMap::compute_map(Thread*)+0x1fb
V  [libjvm.dylib+0x485331]  OopMapForCacheEntry::compute_map(Thread*)+0x8f
V  [libjvm.dylib+0x48553a]  OopMapCacheEntry::fill(methodHandle, int)+0x19e
V  [libjvm.dylib+0x48571b]  OopMapCache::compute_one_oop_map(methodHandle, int, InterpreterOopMap*)+0x16b
V  [libjvm.dylib+0x4859d2]  OopMapCache::lookup(methodHandle, int, InterpreterOopMap*) const+0x25c
V  [libjvm.dylib+0x2c2b04]  InstanceKlass::mask_for(methodHandle, int, InterpreterOopMap*)+0xd2
V  [libjvm.dylib+0x45306d]  Method::mask_for(int, InterpreterOopMap*)+0xb3
V  [libjvm.dylib+0x39afbf]  VM_GetOrSetLocal::doit()+0x47
V  [libjvm.dylib+0x5bd499]  VM_Operation::evaluate()+0x4f
V  [libjvm.dylib+0x5bba31]  VMThread::evaluate_operation(VM_Operation*)+0xdf
V  [libjvm.dylib+0x5bbe7e]  VMThread::loop()+0x328
V  [libjvm.dylib+0x5bb79d]  VMThread::run()+0x79
V  [libjvm.dylib+0x48e342]  java_start(Thread*)+0xf6
C  [libsystem_pthread.dylib+0x3661]  _pthread_body+0x154
C  [libsystem_pthread.dylib+0x350d]  _pthread_body+0x0
C  [libsystem_pthread.dylib+0x2bf9]  thread_start+0xd

VM_Operation (0x000070000221e938): GetOrSetLocal, mode: safepoint, requested by thread 0x00007f7f05805000


---------------  P R O C E S S  ---------------

Java Threads: ( => current thread )
  0x00007f7f0706f000 JavaThread "Service Thread" daemon [_thread_blocked, id=22787, stack(0x0000700002834000,0x0000700002934000)]
  0x00007f7f07036000 JavaThread "C1 CompilerThread3" daemon [_thread_blocked, id=42755, stack(0x0000700002731000,0x0000700002831000)]
  0x00007f7f0702e800 JavaThread "C2 CompilerThread2" daemon [_thread_blocked, id=22019, stack(0x000070000262e000,0x000070000272e000)]
  0x00007f7f0702e000 JavaThread "C2 CompilerThread1" daemon [_thread_blocked, id=43267, stack(0x000070000252b000,0x000070000262b000)]
  0x00007f7f07029000 JavaThread "C2 CompilerThread0" daemon [_thread_blocked, id=15107, stack(0x0000700002428000,0x0000700002528000)]
  0x00007f7f06847800 JavaThread "JDWP Command Reader" daemon [_thread_in_native, id=14851, stack(0x0000700002325000,0x0000700002425000)]
  0x00007f7f05806000 JavaThread "JDWP Event Helper Thread" daemon [_thread_blocked, id=15875, stack(0x0000700002222000,0x0000700002322000)]
  0x00007f7f05805000 JavaThread "JDWP Transport Listener: dt_socket" daemon [_thread_blocked, id=14599, stack(0x000070000211f000,0x000070000221f000)]
  0x00007f7f05803800 JavaThread "Signal Dispatcher" daemon [_thread_blocked, id=16643, stack(0x000070000201c000,0x000070000211c000)]
  0x00007f7f07015800 JavaThread "Finalizer" daemon [_thread_blocked, id=12803, stack(0x0000700001f19000,0x0000700002019000)]
  0x00007f7f07015000 JavaThread "Reference Handler" daemon [_thread_blocked, id=12547, stack(0x0000700001e16000,0x0000700001f16000)]
  0x00007f7f06802800 JavaThread "main" [_thread_blocked, id=6659, stack(0x00007000011f2000,0x00007000012f2000)]

Other Threads:
=>0x00007f7f0700e000 VMThread [stack: 0x0000700001d13000,0x0000700001e13000] [id=18947]
  0x00007f7f0583a800 WatcherThread [stack: 0x0000700002937000,0x0000700002a37000] [id=42499]

VM state:at safepoint (normal execution)

VM Mutex/Monitor currently owned by a thread:  ([mutex/lock_event])
[0x00007f7f06301f30] Threads_lock - owner thread: 0x00007f7f0700e000

Heap:
 PSYoungGen      total 76288K, used 65536K [0x000000076ab00000, 0x0000000770000000, 0x00000007c0000000)
  eden space 65536K, 100% used [0x000000076ab00000,0x000000076eb00000,0x000000076eb00000)
  from space 10752K, 0% used [0x000000076f580000,0x000000076f580000,0x0000000770000000)
  to   space 10752K, 0% used [0x000000076eb00000,0x000000076eb00000,0x000000076f580000)
 ParOldGen       total 175104K, used 0K [0x00000006c0000000, 0x00000006cab00000, 0x000000076ab00000)
  object space 175104K, 0% used [0x00000006c0000000,0x00000006c0000000,0x00000006cab00000)
 Metaspace       used 15414K, capacity 15984K, committed 16256K, reserved 1064960K
  class space    used 1516K, capacity 1636K, committed 1664K, reserved 1048576K

Card table byte_map: [0x000000011edc0000,0x000000011f5c1000] byte_map_base: 0x000000011b7c0000

Marking Bits: (ParMarkBitMap*) 0x000000010d667cd0
 Begin Bits: [0x000000011fb17000, 0x0000000123b17000)
 End Bits:   [0x0000000123b17000, 0x0000000127b17000)

Polling page: 0x000000010dd66000

CodeCache: size=245760Kb used=4957Kb max_used=4989Kb free=240802Kb
 bounds [0x000000010fa00000, 0x000000010fef0000, 0x000000011ea00000]
 total_blobs=1848 nmethods=1485 adapters=284
 compilation: enabled

Compilation events (10 events):
Event: 5.402 Thread 0x00007f7f07036000 1490       3       com.fasterxml.jackson.databind.SerializationConfig::introspectClassAnnotations (11 bytes)
Event: 5.402 Thread 0x00007f7f07036000 nmethod 1490 0x000000010fed72d0 code [0x000000010fed7440, 0x000000010fed7808]
Event: 5.402 Thread 0x00007f7f07036000 1495       3       java.lang.reflect.Field::get (51 bytes)
Event: 5.403 Thread 0x00007f7f07036000 nmethod 1495 0x000000010fed7950 code [0x000000010fed7b20, 0x000000010fed8188]
Event: 5.403 Thread 0x00007f7f07036000 1488       1       com.fasterxml.jackson.databind.ser.impl.PropertySerializerMap$Empty::serializerFor (2 bytes)
Event: 5.403 Thread 0x00007f7f07036000 nmethod 1488 0x000000010fed8390 code [0x000000010fed84e0, 0x000000010fed85f0]
Event: 5.403 Thread 0x00007f7f07036000 1493       1       com.fasterxml.jackson.databind.AnnotationIntrospector::findIgnoreUnknownProperties (2 bytes)
Event: 5.403 Thread 0x00007f7f07036000 nmethod 1493 0x000000010fed8650 code [0x000000010fed87a0, 0x000000010fed88b0]
Event: 5.408 Thread 0x00007f7f0702e800 nmethod 1491 0x000000010fedc210 code [0x000000010fedc460, 0x000000010fedd0d0]
Event: 5.419 Thread 0x00007f7f0702e000 nmethod 1479 0x000000010fee10d0 code [0x000000010fee13e0, 0x000000010fee2e00]

GC Heap History (0 events):
No events

Deoptimization events (8 events):
Event: 1.056 Thread 0x00007f7f06802800 Uncommon trap: reason=unstable_if action=reinterpret pc=0x000000010fc74360 method=java.lang.String.lastIndexOf([CII[CIII)I @ 66
Event: 1.158 Thread 0x00007f7f06802800 Uncommon trap: reason=range_check action=make_not_entrant pc=0x000000010fbcf4b4 method=sun.reflect.generics.parser.SignatureParser.current()C @ 34
Event: 1.482 Thread 0x00007f7f06802800 Uncommon trap: reason=bimorphic action=maybe_recompile pc=0x000000010fd71d50 method=java.util.HashMap.putVal(ILjava/lang/Object;Ljava/lang/Object;ZZ)Ljava/lang/Object; @ 203
Event: 5.287 Thread 0x00007f7f06802800 Uncommon trap: reason=bimorphic action=maybe_recompile pc=0x000000010fd64dd4 method=java.util.HashMap.putVal(ILjava/lang/Object;Ljava/lang/Object;ZZ)Ljava/lang/Object; @ 203
Event: 5.359 Thread 0x00007f7f06802800 Uncommon trap: reason=unstable_if action=reinterpret pc=0x000000010fe8a3c0 method=com.fasterxml.jackson.databind.introspect.POJOPropertyBuilder.fromMemberAnnotations(Lcom/fasterxml/jackson/databind/introspect/POJOPropertyBuilder$WithMember;)Ljava/lang/Obj
Event: 5.382 Thread 0x00007f7f06802800 Uncommon trap: reason=bimorphic action=maybe_recompile pc=0x000000010fd64dd4 method=java.util.HashMap.putVal(ILjava/lang/Object;Ljava/lang/Object;ZZ)Ljava/lang/Object; @ 203
Event: 5.394 Thread 0x00007f7f06802800 Uncommon trap: reason=bimorphic action=maybe_recompile pc=0x000000010fd64dd4 method=java.util.HashMap.putVal(ILjava/lang/Object;Ljava/lang/Object;ZZ)Ljava/lang/Object; @ 203
Event: 5.399 Thread 0x00007f7f06802800 Uncommon trap: reason=unstable_if action=reinterpret pc=0x000000010fe461c0 method=java.util.concurrent.ConcurrentHashMap.putVal(Ljava/lang/Object;Ljava/lang/Object;Z)Ljava/lang/Object; @ 331

Classes redefined (6 events):
Event: 296.568 Thread 0x00007f7f0700e000 redefined class name=net.media.ConverterTest, count=1
Event: 348.573 Thread 0x00007f7f0700e000 redefined class name=net.media.ConverterTest, count=2
Event: 371.722 Thread 0x00007f7f0700e000 redefined class name=net.media.ConverterTest, count=3
Event: 391.488 Thread 0x00007f7f0700e000 redefined class name=net.media.ConverterTest, count=4
Event: 408.034 Thread 0x00007f7f0700e000 redefined class name=net.media.ConverterTest, count=5
Event: 430.006 Thread 0x00007f7f0700e000 redefined class name=net.media.ConverterTest, count=6

Internal exceptions (10 events):
Event: 0.515 Thread 0x00007f7f06802800 Exception <a 'java/security/PrivilegedActionException'> (0x000000076afbc3b8) thrown at [/Users/java_re/workspace/8-2-build-macosx-x86_64/jdk8u181/11358/hotspot/src/share/vm/prims/jvm.cpp, line 1435]
Event: 0.515 Thread 0x00007f7f06802800 Exception <a 'java/security/PrivilegedActionException'> (0x000000076afbc5c8) thrown at [/Users/java_re/workspace/8-2-build-macosx-x86_64/jdk8u181/11358/hotspot/src/share/vm/prims/jvm.cpp, line 1435]
Event: 0.516 Thread 0x00007f7f06802800 Exception <a 'java/security/PrivilegedActionException'> (0x000000076afbf8f8) thrown at [/Users/java_re/workspace/8-2-build-macosx-x86_64/jdk8u181/11358/hotspot/src/share/vm/prims/jvm.cpp, line 1435]
Event: 0.516 Thread 0x00007f7f06802800 Exception <a 'java/security/PrivilegedActionException'> (0x000000076afbfb08) thrown at [/Users/java_re/workspace/8-2-build-macosx-x86_64/jdk8u181/11358/hotspot/src/share/vm/prims/jvm.cpp, line 1435]
Event: 1.097 Thread 0x00007f7f06802800 Exception <a 'java/lang/NoSuchFieldError': method resolution failed> (0x000000076cfb1848) thrown at [/Users/java_re/workspace/8-2-build-macosx-x86_64/jdk8u181/11358/hotspot/src/share/vm/prims/methodHandles.cpp, line 1167]
Event: 1.099 Thread 0x00007f7f06802800 Exception <a 'java/lang/NoSuchFieldError': method resolution failed> (0x000000076cfbf7d8) thrown at [/Users/java_re/workspace/8-2-build-macosx-x86_64/jdk8u181/11358/hotspot/src/share/vm/prims/methodHandles.cpp, line 1167]
Event: 1.152 Thread 0x00007f7f06802800 Exception <a 'java/lang/IncompatibleClassChangeError': Found class java.lang.Object, but interface was expected> (0x000000076d18bd00) thrown at [/Users/java_re/workspace/8-2-build-macosx-x86_64/jdk8u181/11358/hotspot/src/share/vm/interpreter/linkResolver.
Event: 1.158 Thread 0x00007f7f06802800 Exception <a 'java/lang/ArrayIndexOutOfBoundsException': 18> (0x000000076d1dfa70) thrown at [/Users/java_re/workspace/8-2-build-macosx-x86_64/jdk8u181/11358/hotspot/src/share/vm/interpreter/interpreterRuntime.cpp, line 366]
Event: 1.161 Thread 0x00007f7f06802800 Exception <a 'java/lang/ArrayIndexOutOfBoundsException': 78> (0x000000076d201e40) thrown at [/Users/java_re/workspace/8-2-build-macosx-x86_64/jdk8u181/11358/hotspot/src/share/vm/interpreter/interpreterRuntime.cpp, line 366]
Event: 1.162 Thread 0x00007f7f06802800 Exception <a 'java/lang/ArrayIndexOutOfBoundsException': 65> (0x000000076d2053d8) thrown at [/Users/java_re/workspace/8-2-build-macosx-x86_64/jdk8u181/11358/hotspot/src/share/vm/interpreter/interpreterRuntime.cpp, line 366]

Events (10 events):
Event: 430.099 Executing VM operation: ChangeBreakpoints done
Event: 430.101 Executing VM operation: ChangeBreakpoints
Event: 430.101 Executing VM operation: ChangeBreakpoints done
Event: 430.103 Executing VM operation: ChangeBreakpoints
Event: 430.103 Executing VM operation: ChangeBreakpoints done
Event: 430.105 Executing VM operation: ChangeBreakpoints
Event: 430.105 Executing VM operation: ChangeBreakpoints done
Event: 430.106 Executing VM operation: ChangeBreakpoints
Event: 430.107 Executing VM operation: ChangeBreakpoints done
Event: 430.109 Executing VM operation: GetOrSetLocal


Dynamic libraries:
0x00007fff2ea85000 	/System/Library/Frameworks/Cocoa.framework/Versions/A/Cocoa
0x00007fff3b0a1000 	/System/Library/Frameworks/Security.framework/Versions/A/Security
0x00007fff2d6c6000 	/System/Library/Frameworks/ApplicationServices.framework/Versions/A/ApplicationServices
0x00007fff56fd2000 	/usr/lib/libz.1.dylib
0x00007fff54f03000 	/usr/lib/libSystem.B.dylib
0x00007fff565bc000 	/usr/lib/libobjc.A.dylib
0x00007fff2f238000 	/System/Library/Frameworks/CoreFoundation.framework/Versions/A/CoreFoundation
0x00007fff3139a000 	/System/Library/Frameworks/Foundation.framework/Versions/C/Foundation
0x00007fff2c816000 	/System/Library/Frameworks/AppKit.framework/Versions/C/AppKit
0x00007fff2edfd000 	/System/Library/Frameworks/CoreData.framework/Versions/A/CoreData
0x00007fff4e7bc000 	/System/Library/PrivateFrameworks/RemoteViewServices.framework/Versions/A/RemoteViewServices
0x00007fff52f35000 	/System/Library/PrivateFrameworks/UIFoundation.framework/Versions/A/UIFoundation
0x00007fff435b7000 	/System/Library/PrivateFrameworks/DFRFoundation.framework/Versions/A/DFRFoundation
0x00007fff33a06000 	/System/Library/Frameworks/Metal.framework/Versions/A/Metal
0x00007fff43754000 	/System/Library/PrivateFrameworks/DesktopServicesPriv.framework/Versions/A/DesktopServicesPriv
0x00007fff55b09000 	/usr/lib/libenergytrace.dylib
0x00007fff50fa1000 	/System/Library/PrivateFrameworks/SkyLight.framework/Versions/A/SkyLight
0x00007fff2f6db000 	/System/Library/Frameworks/CoreGraphics.framework/Versions/A/CoreGraphics
0x00007fff54efe000 	/usr/lib/libScreenReader.dylib
0x00007fff2b7b0000 	/System/Library/Frameworks/Accelerate.framework/Versions/A/Accelerate
0x00007fff31b14000 	/System/Library/Frameworks/IOSurface.framework/Versions/A/IOSurface
0x00007fff2dc10000 	/System/Library/Frameworks/AudioToolbox.framework/Versions/A/AudioToolbox
0x00007fff2dea0000 	/System/Library/Frameworks/AudioUnit.framework/Versions/A/AudioUnit
0x00007fff4364f000 	/System/Library/PrivateFrameworks/DataDetectorsCore.framework/Versions/A/DataDetectorsCore
0x00007fff2e578000 	/System/Library/Frameworks/Carbon.framework/Versions/A/Frameworks/HIToolbox.framework/Versions/A/HIToolbox
0x00007fff55c63000 	/usr/lib/libicucore.A.dylib
0x00007fff3a61e000 	/System/Library/Frameworks/QuartzCore.framework/Versions/A/QuartzCore
0x00007fff50243000 	/System/Library/PrivateFrameworks/SignpostNotification.framework/Versions/A/SignpostNotification
0x00007fff2e95e000 	/System/Library/Frameworks/Carbon.framework/Versions/A/Frameworks/SpeechRecognition.framework/Versions/A/SpeechRecognition
0x00007fff5505f000 	/usr/lib/libauto.dylib
0x00007fff56ec1000 	/usr/lib/libxml2.2.dylib
0x00007fff43207000 	/System/Library/PrivateFrameworks/CoreUI.framework/Versions/A/CoreUI
0x00007fff2ecd9000 	/System/Library/Frameworks/CoreAudio.framework/Versions/A/CoreAudio
0x00007fff311d4000 	/System/Library/Frameworks/DiskArbitration.framework/Versions/A/DiskArbitration
0x00007fff55ed7000 	/usr/lib/liblangid.dylib
0x00007fff4acc3000 	/System/Library/PrivateFrameworks/MultitouchSupport.framework/Versions/A/MultitouchSupport
0x00007fff31a77000 	/System/Library/Frameworks/IOKit.framework/Versions/A/IOKit
0x00007fff54b8d000 	/usr/lib/libDiagnosticMessagesClient.dylib
0x00007fff303b1000 	/System/Library/Frameworks/CoreServices.framework/Versions/A/CoreServices
0x00007fff4c7f8000 	/System/Library/PrivateFrameworks/PerformanceAnalysis.framework/Versions/A/PerformanceAnalysis
0x00007fff397c0000 	/System/Library/Frameworks/OpenGL.framework/Versions/A/OpenGL
0x00007fff2ea93000 	/System/Library/Frameworks/ColorSync.framework/Versions/A/ColorSync
0x00007fff2fced000 	/System/Library/Frameworks/CoreImage.framework/Versions/A/CoreImage
0x00007fff30d42000 	/System/Library/Frameworks/CoreText.framework/Versions/A/CoreText
0x00007fff31b72000 	/System/Library/Frameworks/ImageIO.framework/Versions/A/ImageIO
0x00007fff3feb3000 	/System/Library/PrivateFrameworks/Backup.framework/Versions/A/Backup
0x00007fff54faf000 	/usr/lib/libarchive.2.dylib
0x00007fff2e1c3000 	/System/Library/Frameworks/CFNetwork.framework/Versions/A/CFNetwork
0x00007fff3b834000 	/System/Library/Frameworks/SystemConfiguration.framework/Versions/A/SystemConfiguration
0x00007fff54ab6000 	/usr/lib/libCRFSuite.dylib
0x00007fff55138000 	/usr/lib/libc++.1.dylib
0x00007fff5518f000 	/usr/lib/libc++abi.dylib
0x00007fff57080000 	/usr/lib/system/libcache.dylib
0x00007fff57085000 	/usr/lib/system/libcommonCrypto.dylib
0x00007fff57090000 	/usr/lib/system/libcompiler_rt.dylib
0x00007fff57098000 	/usr/lib/system/libcopyfile.dylib
0x00007fff570a2000 	/usr/lib/system/libcorecrypto.dylib
0x00007fff571af000 	/usr/lib/system/libdispatch.dylib
0x00007fff571e9000 	/usr/lib/system/libdyld.dylib
0x00007fff57207000 	/usr/lib/system/libkeymgr.dylib
0x00007fff57215000 	/usr/lib/system/liblaunch.dylib
0x00007fff57216000 	/usr/lib/system/libmacho.dylib
0x00007fff5721b000 	/usr/lib/system/libquarantine.dylib
0x00007fff5721e000 	/usr/lib/system/libremovefile.dylib
0x00007fff57220000 	/usr/lib/system/libsystem_asl.dylib
0x00007fff57238000 	/usr/lib/system/libsystem_blocks.dylib
0x00007fff57239000 	/usr/lib/system/libsystem_c.dylib
0x00007fff572c3000 	/usr/lib/system/libsystem_configuration.dylib
0x00007fff572c7000 	/usr/lib/system/libsystem_coreservices.dylib
0x00007fff572cb000 	/usr/lib/system/libsystem_darwin.dylib
0x00007fff572cd000 	/usr/lib/system/libsystem_dnssd.dylib
0x00007fff572d4000 	/usr/lib/system/libsystem_info.dylib
0x00007fff57345000 	/usr/lib/system/libsystem_m.dylib
0x00007fff57391000 	/usr/lib/system/libsystem_malloc.dylib
0x00007fff573b1000 	/usr/lib/system/libsystem_network.dylib
0x00007fff574e2000 	/usr/lib/system/libsystem_networkextension.dylib
0x00007fff574ed000 	/usr/lib/system/libsystem_notify.dylib
0x00007fff5750b000 	/usr/lib/system/libsystem_sandbox.dylib
0x00007fff5750f000 	/usr/lib/system/libsystem_secinit.dylib
0x00007fff5731e000 	/usr/lib/system/libsystem_kernel.dylib
0x00007fff574f7000 	/usr/lib/system/libsystem_platform.dylib
0x00007fff574ff000 	/usr/lib/system/libsystem_pthread.dylib
0x00007fff57511000 	/usr/lib/system/libsystem_symptoms.dylib
0x00007fff57519000 	/usr/lib/system/libsystem_trace.dylib
0x00007fff5752e000 	/usr/lib/system/libunwind.dylib
0x00007fff57534000 	/usr/lib/system/libxpc.dylib
0x00007fff549c9000 	/usr/lib/closure/libclosured.dylib
0x00007fff55119000 	/usr/lib/libbsm.0.dylib
0x00007fff57208000 	/usr/lib/system/libkxld.dylib
0x00007fff54dc7000 	/usr/lib/libOpenScriptingUtil.dylib
0x00007fff55488000 	/usr/lib/libcoretls.dylib
0x00007fff554a1000 	/usr/lib/libcoretls_cfhelpers.dylib
0x00007fff569bd000 	/usr/lib/libpam.2.dylib
0x00007fff56ae4000 	/usr/lib/libsqlite3.dylib
0x00007fff56eb0000 	/usr/lib/libxar.1.dylib
0x00007fff5512a000 	/usr/lib/libbz2.1.0.dylib
0x00007fff55ed9000 	/usr/lib/liblzma.5.dylib
0x00007fff563ba000 	/usr/lib/libnetwork.dylib
0x00007fff54f98000 	/usr/lib/libapple_nghttp2.dylib
0x00007fff569c4000 	/usr/lib/libpcap.A.dylib
0x00007fff55060000 	/usr/lib/libboringssl.dylib
0x00007fff56e4b000 	/usr/lib/libusrtcp.dylib
0x00007fff54f97000 	/usr/lib/libapple_crypto.dylib
0x00007fff30734000 	/System/Library/Frameworks/CoreServices.framework/Versions/A/Frameworks/FSEvents.framework/Versions/A/FSEvents
0x00007fff30427000 	/System/Library/Frameworks/CoreServices.framework/Versions/A/Frameworks/CarbonCore.framework/Versions/A/CarbonCore
0x00007fff308fc000 	/System/Library/Frameworks/CoreServices.framework/Versions/A/Frameworks/Metadata.framework/Versions/A/Metadata
0x00007fff309ad000 	/System/Library/Frameworks/CoreServices.framework/Versions/A/Frameworks/OSServices.framework/Versions/A/OSServices
0x00007fff30a0e000 	/System/Library/Frameworks/CoreServices.framework/Versions/A/Frameworks/SearchKit.framework/Versions/A/SearchKit
0x00007fff303b2000 	/System/Library/Frameworks/CoreServices.framework/Versions/A/Frameworks/AE.framework/Versions/A/AE
0x00007fff3073d000 	/System/Library/Frameworks/CoreServices.framework/Versions/A/Frameworks/LaunchServices.framework/Versions/A/LaunchServices
0x00007fff306ff000 	/System/Library/Frameworks/CoreServices.framework/Versions/A/Frameworks/DictionaryServices.framework/Versions/A/DictionaryServices
0x00007fff30a7d000 	/System/Library/Frameworks/CoreServices.framework/Versions/A/Frameworks/SharedFileList.framework/Versions/A/SharedFileList
0x00007fff34c3c000 	/System/Library/Frameworks/NetFS.framework/Versions/A/NetFS
0x00007fff4af54000 	/System/Library/PrivateFrameworks/NetAuth.framework/Versions/A/NetAuth
0x00007fff54860000 	/System/Library/PrivateFrameworks/login.framework/Versions/A/Frameworks/loginsupport.framework/Versions/A/loginsupport
0x00007fff52bb2000 	/System/Library/PrivateFrameworks/TCC.framework/Versions/A/TCC
0x00007fff55fba000 	/usr/lib/libmecabra.dylib
0x00007fff2d6c7000 	/System/Library/Frameworks/ApplicationServices.framework/Versions/A/Frameworks/ATS.framework/Versions/A/ATS
0x00007fff2da75000 	/System/Library/Frameworks/ApplicationServices.framework/Versions/A/Frameworks/ColorSyncLegacy.framework/Versions/A/ColorSyncLegacy
0x00007fff2db19000 	/System/Library/Frameworks/ApplicationServices.framework/Versions/A/Frameworks/HIServices.framework/Versions/A/HIServices
0x00007fff2db6c000 	/System/Library/Frameworks/ApplicationServices.framework/Versions/A/Frameworks/LangAnalysis.framework/Versions/A/LangAnalysis
0x00007fff2db7b000 	/System/Library/Frameworks/ApplicationServices.framework/Versions/A/Frameworks/PrintCore.framework/Versions/A/PrintCore
0x00007fff2dbc8000 	/System/Library/Frameworks/ApplicationServices.framework/Versions/A/Frameworks/QD.framework/Versions/A/QD
0x00007fff2dc03000 	/System/Library/Frameworks/ApplicationServices.framework/Versions/A/Frameworks/SpeechSynthesis.framework/Versions/A/SpeechSynthesis
0x00007fff2f154000 	/System/Library/Frameworks/CoreDisplay.framework/Versions/A/CoreDisplay
0x00007fff2b7c8000 	/System/Library/Frameworks/Accelerate.framework/Versions/A/Frameworks/vImage.framework/Versions/A/vImage
0x00007fff2c522000 	/System/Library/Frameworks/Accelerate.framework/Versions/A/Frameworks/vecLib.framework/Versions/A/vecLib
0x00007fff2c2c2000 	/System/Library/Frameworks/Accelerate.framework/Versions/A/Frameworks/vecLib.framework/Versions/A/libvDSP.dylib
0x00007fff2be22000 	/System/Library/Frameworks/Accelerate.framework/Versions/A/Frameworks/vecLib.framework/Versions/A/libBNNS.dylib
0x00007fff2c227000 	/System/Library/Frameworks/Accelerate.framework/Versions/A/Frameworks/vecLib.framework/Versions/A/libQuadrature.dylib
0x00007fff2c470000 	/System/Library/Frameworks/Accelerate.framework/Versions/A/Frameworks/vecLib.framework/Versions/A/libvMisc.dylib
0x00007fff2be51000 	/System/Library/Frameworks/Accelerate.framework/Versions/A/Frameworks/vecLib.framework/Versions/A/libLAPACK.dylib
0x00007fff2bcc7000 	/System/Library/Frameworks/Accelerate.framework/Versions/A/Frameworks/vecLib.framework/Versions/A/libBLAS.dylib
0x00007fff2c211000 	/System/Library/Frameworks/Accelerate.framework/Versions/A/Frameworks/vecLib.framework/Versions/A/libLinearAlgebra.dylib
0x00007fff2c22d000 	/System/Library/Frameworks/Accelerate.framework/Versions/A/Frameworks/vecLib.framework/Versions/A/libSparse.dylib
0x00007fff2c2ae000 	/System/Library/Frameworks/Accelerate.framework/Versions/A/Frameworks/vecLib.framework/Versions/A/libSparseBLAS.dylib
0x00007fff47d94000 	/System/Library/PrivateFrameworks/GPUWrangler.framework/Versions/A/GPUWrangler
0x00007fff49525000 	/System/Library/PrivateFrameworks/IOAccelerator.framework/Versions/A/IOAccelerator
0x00007fff49530000 	/System/Library/PrivateFrameworks/IOPresentment.framework/Versions/A/IOPresentment
0x00007fff435c9000 	/System/Library/PrivateFrameworks/DSExternalDisplay.framework/Versions/A/DSExternalDisplay
0x00007fff38c3f000 	/System/Library/Frameworks/OpenGL.framework/Versions/A/Libraries/libCoreFSCache.dylib
0x00007fff30e93000 	/System/Library/Frameworks/CoreVideo.framework/Versions/A/CoreVideo
0x00007fff48b0f000 	/System/Library/PrivateFrameworks/GraphVisualizer.framework/Versions/A/GraphVisualizer
0x00007fff33c3d000 	/System/Library/Frameworks/MetalPerformanceShaders.framework/Versions/A/MetalPerformanceShaders
0x00007fff54bc5000 	/usr/lib/libFosl_dynamic.dylib
0x00007fff4469e000 	/System/Library/PrivateFrameworks/FaceCore.framework/Versions/A/FaceCore
0x00007fff37a3a000 	/System/Library/Frameworks/OpenCL.framework/Versions/A/OpenCL
0x00007fff551c6000 	/usr/lib/libcompression.dylib
0x00007fff2d7c6000 	/System/Library/Frameworks/ApplicationServices.framework/Versions/A/Frameworks/ATS.framework/Versions/A/Resources/libFontParser.dylib
0x00007fff2d8e9000 	/System/Library/Frameworks/ApplicationServices.framework/Versions/A/Frameworks/ATS.framework/Versions/A/Resources/libFontRegistry.dylib
0x00007fff31dda000 	/System/Library/Frameworks/ImageIO.framework/Versions/A/Resources/libJPEG.dylib
0x00007fff32103000 	/System/Library/Frameworks/ImageIO.framework/Versions/A/Resources/libTIFF.dylib
0x00007fff320d9000 	/System/Library/Frameworks/ImageIO.framework/Versions/A/Resources/libPng.dylib
0x00007fff31ced000 	/System/Library/Frameworks/ImageIO.framework/Versions/A/Resources/libGIF.dylib
0x00007fff31cf2000 	/System/Library/Frameworks/ImageIO.framework/Versions/A/Resources/libJP2.dylib
0x00007fff32100000 	/System/Library/Frameworks/ImageIO.framework/Versions/A/Resources/libRadiance.dylib
0x00007fff3f5dd000 	/System/Library/PrivateFrameworks/AppleJPEG.framework/Versions/A/AppleJPEG
0x00007fff33aa4000 	/System/Library/Frameworks/MetalPerformanceShaders.framework/Frameworks/MPSCore.framework/Versions/A/MPSCore
0x00007fff33ac0000 	/System/Library/Frameworks/MetalPerformanceShaders.framework/Frameworks/MPSImage.framework/Versions/A/MPSImage
0x00007fff33b55000 	/System/Library/Frameworks/MetalPerformanceShaders.framework/Frameworks/MPSNeuralNetwork.framework/Versions/A/MPSNeuralNetwork
0x00007fff33b30000 	/System/Library/Frameworks/MetalPerformanceShaders.framework/Frameworks/MPSMatrix.framework/Versions/A/MPSMatrix
0x00007fff4aa26000 	/System/Library/PrivateFrameworks/MetalTools.framework/Versions/A/MetalTools
0x00007fff38e0a000 	/System/Library/Frameworks/OpenGL.framework/Versions/A/Libraries/libGLU.dylib
0x00007fff38c4a000 	/System/Library/Frameworks/OpenGL.framework/Versions/A/Libraries/libGFXShared.dylib
0x00007fff38c54000 	/System/Library/Frameworks/OpenGL.framework/Versions/A/Libraries/libGL.dylib
0x00007fff38c60000 	/System/Library/Frameworks/OpenGL.framework/Versions/A/Libraries/libGLImage.dylib
0x00007fff38c3c000 	/System/Library/Frameworks/OpenGL.framework/Versions/A/Libraries/libCVMSPluginSupport.dylib
0x00007fff38c45000 	/System/Library/Frameworks/OpenGL.framework/Versions/A/Libraries/libCoreVMClient.dylib
0x00007fff55973000 	/usr/lib/libcups.2.dylib
0x00007fff3300b000 	/System/Library/Frameworks/Kerberos.framework/Versions/A/Kerberos
0x00007fff317d1000 	/System/Library/Frameworks/GSS.framework/Versions/A/GSS
0x00007fff56a77000 	/usr/lib/libresolv.9.dylib
0x00007fff55b71000 	/usr/lib/libiconv.2.dylib
0x00007fff48ba1000 	/System/Library/PrivateFrameworks/Heimdal.framework/Versions/A/Heimdal
0x00007fff55b40000 	/usr/lib/libheimdal-asn1.dylib
0x00007fff37ab2000 	/System/Library/Frameworks/OpenDirectory.framework/Versions/A/OpenDirectory
0x00007fff418f4000 	/System/Library/PrivateFrameworks/CommonAuth.framework/Versions/A/CommonAuth
0x00007fff37a95000 	/System/Library/Frameworks/OpenDirectory.framework/Versions/A/Frameworks/CFOpenDirectory.framework/Versions/A/CFOpenDirectory
0x00007fff3b3cd000 	/System/Library/Frameworks/SecurityFoundation.framework/Versions/A/SecurityFoundation
0x00007fff3e7a1000 	/System/Library/PrivateFrameworks/APFS.framework/Versions/A/APFS
0x00007fff56eac000 	/usr/lib/libutil.dylib
0x00007fff3f660000 	/System/Library/PrivateFrameworks/AppleSauce.framework/Versions/A/AppleSauce
0x00007fff49d0d000 	/System/Library/PrivateFrameworks/LinguisticData.framework/Versions/A/LinguisticData
0x00007fff55ef3000 	/usr/lib/libmarisa.dylib
0x00007fff49cc7000 	/System/Library/PrivateFrameworks/Lexicon.framework/Versions/A/Lexicon
0x00007fff54af0000 	/usr/lib/libChineseTokenizer.dylib
0x00007fff551b5000 	/usr/lib/libcmph.dylib
0x00007fff49bd1000 	/System/Library/PrivateFrameworks/LanguageModeling.framework/Versions/A/LanguageModeling
0x00007fff42411000 	/System/Library/PrivateFrameworks/CoreEmoji.framework/Versions/A/CoreEmoji
0x00007fff3b48b000 	/System/Library/Frameworks/ServiceManagement.framework/Versions/A/ServiceManagement
0x00007fff3feab000 	/System/Library/PrivateFrameworks/BackgroundTaskManagement.framework/Versions/A/BackgroundTaskManagement
0x00007fff56fa9000 	/usr/lib/libxslt.1.dylib
0x00007fff2e888000 	/System/Library/Frameworks/Carbon.framework/Versions/A/Frameworks/Ink.framework/Versions/A/Ink
0x00007fff52dc7000 	/System/Library/PrivateFrameworks/TextureIO.framework/Versions/A/TextureIO
0x00007fff54fda000 	/usr/lib/libate.dylib
0x00007fff43528000 	/System/Library/PrivateFrameworks/CrashReporterSupport.framework/Versions/A/CrashReporterSupport
0x00007fff50103000 	/System/Library/PrivateFrameworks/Sharing.framework/Versions/A/Sharing
0x00007fff49912000 	/System/Library/PrivateFrameworks/IconServices.framework/Versions/A/IconServices
0x00007fff3fadb000 	/System/Library/PrivateFrameworks/AuthKit.framework/Versions/A/AuthKit
0x00007fff3f460000 	/System/Library/PrivateFrameworks/Apple80211.framework/Versions/A/Apple80211
0x00007fff4333d000 	/System/Library/PrivateFrameworks/CoreUtils.framework/Versions/A/CoreUtils
0x00007fff30ece000 	/System/Library/Frameworks/CoreWLAN.framework/Versions/A/CoreWLAN
0x00007fff31913000 	/System/Library/Frameworks/IOBluetooth.framework/Versions/A/IOBluetooth
0x00007fff4e5c7000 	/System/Library/PrivateFrameworks/ProtocolBuffer.framework/Versions/A/ProtocolBuffer
0x00007fff4ac1e000 	/System/Library/PrivateFrameworks/MobileKeyBag.framework/Versions/A/MobileKeyBag
0x00007fff42bb5000 	/System/Library/PrivateFrameworks/CorePhoneNumbers.framework/Versions/A/CorePhoneNumbers
0x00007fff3f598000 	/System/Library/PrivateFrameworks/AppleIDAuthSupport.framework/Versions/A/AppleIDAuthSupport
0x00007fff49bbd000 	/System/Library/PrivateFrameworks/KeychainCircle.framework/Versions/A/KeychainCircle
0x00007fff434c3000 	/System/Library/PrivateFrameworks/CoreWiFi.framework/Versions/A/CoreWiFi
0x00007fff2edd3000 	/System/Library/Frameworks/CoreBluetooth.framework/Versions/A/CoreBluetooth
0x00007fff43713000 	/System/Library/PrivateFrameworks/DebugSymbols.framework/Versions/A/DebugSymbols
0x00007fff430f3000 	/System/Library/PrivateFrameworks/CoreSymbolication.framework/Versions/A/CoreSymbolication
0x00007fff525b9000 	/System/Library/PrivateFrameworks/Symbolication.framework/Versions/A/Symbolication
0x00007fff3f48a000 	/System/Library/PrivateFrameworks/AppleFSCompression.framework/Versions/A/AppleFSCompression
0x00007fff51a06000 	/System/Library/PrivateFrameworks/SpeechRecognitionCore.framework/Versions/A/SpeechRecognitionCore
0x000000010cd6e000 	/Library/Java/JavaVirtualMachines/jdk1.8.0_181.jdk/Contents/Home/jre/lib/server/libjvm.dylib
0x00007fff56d79000 	/usr/lib/libstdc++.6.0.9.dylib
0x000000010dd22000 	/Library/Java/JavaVirtualMachines/jdk1.8.0_181.jdk/Contents/Home/jre/lib/libverify.dylib
0x000000010dd30000 	/Library/Java/JavaVirtualMachines/jdk1.8.0_181.jdk/Contents/Home/jre/lib/libjava.dylib
0x000000010dd67000 	/Library/Java/JavaVirtualMachines/jdk1.8.0_181.jdk/Contents/Home/jre/lib/libjdwp.dylib
0x000000010ddb2000 	/Library/Java/JavaVirtualMachines/jdk1.8.0_181.jdk/Contents/Home/jre/lib/libnpt.dylib
0x000000010ddb6000 	/Library/Java/JavaVirtualMachines/jdk1.8.0_181.jdk/Contents/Home/jre/lib/libinstrument.dylib
0x000000010de54000 	/Library/Java/JavaVirtualMachines/jdk1.8.0_181.jdk/Contents/Home/jre/lib/libzip.dylib
0x000000010df63000 	/Library/Java/JavaVirtualMachines/jdk1.8.0_181.jdk/Contents/Home/jre/lib/libdt_socket.dylib
0x000000012cfda000 	/Library/Java/JavaVirtualMachines/jdk1.8.0_181.jdk/Contents/Home/jre/lib/libnio.dylib
0x000000012cfea000 	/Library/Java/JavaVirtualMachines/jdk1.8.0_181.jdk/Contents/Home/jre/lib/./libnet.dylib

VM Arguments:
jvm_args: -agentlib:jdwp=transport=dt_socket,address=127.0.0.1:49396,suspend=y,server=n -ea -Didea.test.cyclic.buffer.size=1048576 -javaagent:/Users/varun.b/Library/Caches/IdeaIC2018.2/captureAgent/debugger-agent.jar=file:/private/var/folders/_t/hpxgf22534n094mpm_l6jy6db_2vnx/T/capture.props -Dfile.encoding=UTF-8 
java_command: com.intellij.rt.execution.junit.JUnitStarter -ideVersion5 -junit4 net.media.ConverterTest,testCloningInitEnabledRequestNativeApp2to3
java_class_path (initial): /Applications/IntelliJ IDEA CE.app/Contents/lib/idea_rt.jar:/Applications/IntelliJ IDEA CE.app/Contents/plugins/junit/lib/junit-rt.jar:/Applications/IntelliJ IDEA CE.app/Contents/plugins/junit/lib/junit5-rt.jar:/Library/Java/JavaVirtualMachines/jdk1.8.0_181.jdk/Contents/Home/jre/lib/charsets.jar:/Library/Java/JavaVirtualMachines/jdk1.8.0_181.jdk/Contents/Home/jre/lib/deploy.jar:/Library/Java/JavaVirtualMachines/jdk1.8.0_181.jdk/Contents/Home/jre/lib/ext/cldrdata.jar:/Library/Java/JavaVirtualMachines/jdk1.8.0_181.jdk/Contents/Home/jre/lib/ext/dnsns.jar:/Library/Java/JavaVirtualMachines/jdk1.8.0_181.jdk/Contents/Home/jre/lib/ext/jaccess.jar:/Library/Java/JavaVirtualMachines/jdk1.8.0_181.jdk/Contents/Home/jre/lib/ext/jfxrt.jar:/Library/Java/JavaVirtualMachines/jdk1.8.0_181.jdk/Contents/Home/jre/lib/ext/localedata.jar:/Library/Java/JavaVirtualMachines/jdk1.8.0_181.jdk/Contents/Home/jre/lib/ext/nashorn.jar:/Library/Java/JavaVirtualMachines/jdk1.8.0_181.jdk/Contents/Home/jre/lib/ext/sunec.jar:/Library/Java/JavaVirtualMachines/jdk1.8.0_181.jdk/Contents/Home/jre/lib/ext/sunjce_provider.jar:/Library/Java/JavaVirtualMachines/jdk1.8.0_181.jdk/Contents/Home/jre/lib/ext/sunpkcs11.jar:/Library/Java/JavaVirtualMachines/jdk1.8.0_181.jdk/Contents/Home/jre/lib/ext/zipfs.jar:/Library/Java/JavaVirtualMachines/jdk1.8.0_181.jdk/Contents/Home/jre/lib/javaws.jar:/Library/Java/JavaVirtualMachines/jdk1.8.0_181.jdk/Contents/Home/jre/lib/jce.jar:/Library/Java/JavaVirtualMachines/jdk1.8.0_181.jdk/Contents/Home/jre/lib/jfr.jar:/Library/Java/JavaVirtualMachines/jdk1.8.0_181.jdk/Contents/Home/jre/lib/jfxswt.jar:/Library/Java/JavaVirtualMachines/jdk1.8.0_181.jdk/Contents/Home/jre/lib/jsse.jar:/Library/Java/JavaVirtualMachines/jdk1.8.0_181.jdk/Contents/Home/jre/lib/management-agent.jar:/Library/Java/JavaVirtualMachines/jdk1.8.0_181.jdk/Contents/Home/jre/lib/plugin.jar:/Library/Java/JavaVirtualMachines/jdk1.8.0_181.jdk/Contents/Home/jre/lib/resources.jar:/Library/Java/Jav
Launcher Type: SUN_STANDARD

Environment Variables:
PATH=/usr/local/bin:/usr/bin:/bin:/usr/sbin:/sbin:/usr/local/mysql/bin
SHELL=/bin/bash

Signal Handlers:
SIGSEGV: [libjvm.dylib+0x5b6029], sa_mask[0]=11111111011111110111111111111111, sa_flags=SA_ONSTACK|SA_RESTART|SA_SIGINFO
SIGBUS: [libjvm.dylib+0x5b6029], sa_mask[0]=11111111011111110111111111111111, sa_flags=SA_RESTART|SA_SIGINFO
SIGFPE: [libjvm.dylib+0x48b934], sa_mask[0]=11111111011111110111111111111111, sa_flags=SA_RESTART|SA_SIGINFO
SIGPIPE: [libjvm.dylib+0x48b934], sa_mask[0]=11111111011111110111111111111111, sa_flags=SA_RESTART|SA_SIGINFO
SIGXFSZ: [libjvm.dylib+0x48b934], sa_mask[0]=11111111011111110111111111111111, sa_flags=SA_RESTART|SA_SIGINFO
SIGILL: [libjvm.dylib+0x48b934], sa_mask[0]=11111111011111110111111111111111, sa_flags=SA_RESTART|SA_SIGINFO
SIGUSR1: SIG_DFL, sa_mask[0]=00000000000000000000000000000000, sa_flags=none
SIGUSR2: [libjvm.dylib+0x48b452], sa_mask[0]=00100000000000000000000000000000, sa_flags=SA_RESTART|SA_SIGINFO
SIGHUP: [libjvm.dylib+0x489a1d], sa_mask[0]=11111111011111110111111111111111, sa_flags=SA_RESTART|SA_SIGINFO
SIGINT: [libjvm.dylib+0x489a1d], sa_mask[0]=11111111011111110111111111111111, sa_flags=SA_RESTART|SA_SIGINFO
SIGTERM: [libjvm.dylib+0x489a1d], sa_mask[0]=11111111011111110111111111111111, sa_flags=SA_RESTART|SA_SIGINFO
SIGQUIT: [libjvm.dylib+0x489a1d], sa_mask[0]=11111111011111110111111111111111, sa_flags=SA_RESTART|SA_SIGINFO


---------------  S Y S T E M  ---------------

OS:Bsduname:Darwin 17.7.0 Darwin Kernel Version 17.7.0: Wed Feb 27 00:43:23 PST 2019; root:xnu-4570.71.35~1/RELEASE_X86_64 x86_64
rlimit: STACK 8192k, CORE 0k, NPROC 1418, NOFILE 10240, AS infinity
load average:9.50 5.50 3.86

CPU:total 12 (initial active 12) (6 cores per cpu, 2 threads per core) family 6 model 158 stepping 10, cmov, cx8, fxsr, mmx, sse, sse2, sse3, ssse3, sse4.1, sse4.2, popcnt, avx, avx2, aes, clmul, erms, 3dnowpref, lzcnt, ht, tsc, tscinvbit, bmi1, bmi2, adx

Memory: 4k page, physical 16777216k(179040k free)

/proc/meminfo:


vm_info: Java HotSpot(TM) 64-Bit Server VM (25.181-b13) for bsd-amd64 JRE (1.8.0_181-b13), built on Jul  7 2018 01:02:31 by "java_re" with gcc 4.2.1 (Based on Apple Inc. build 5658) (LLVM build 2336.11.00)

time: Tue Apr 30 17:13:28 2019
elapsed time: 430 seconds (0d 0h 7m 10s)

